<?xml version="1.0" encoding="UTF-8"?>
<!-- Generated by org.testng.reporters.JUnitReportReporter -->
<testsuite hostname="gopikr-5CG5092X5K" failures="0" tests="1" name="com.radio.RadButton" time="15.441" errors="0" timestamp="2025-07-28T10:10:29 IST" skipped="0">
  <testcase classname="com.radio.RadButton" name="TestRadioBtn" time="15.441"/>
</testsuite> <!-- com.radio.RadButton -->
