<?xml version="1.0" encoding="UTF-8"?>
<!-- Generated by org.testng.reporters.JUnitReportReporter -->
<testsuite hostname="gopikr-5CG5092X5K" failures="0" tests="1" name="LocatorsDemo.FacebookMonthList1" time="5.965" errors="0" timestamp="2025-07-25T15:40:34 IST" skipped="0">
  <testcase classname="LocatorsDemo.FacebookMonthList1" name="FaceBookMonth" time="5.965"/>
</testsuite> <!-- LocatorsDemo.FacebookMonthList1 -->
