<?xml version="1.0" encoding="UTF-8"?>
<!-- Generated by org.testng.reporters.JUnitReportReporter -->
<testsuite hostname="gopikr-5CG5092X5K" failures="0" tests="1" name="LocatorsDemo.DropDown" time="19.485" errors="0" timestamp="2025-07-25T15:24:25 IST" skipped="0">
  <testcase classname="LocatorsDemo.DropDown" name="FBlaunch" time="19.485"/>
</testsuite> <!-- LocatorsDemo.DropDown -->
