<?xml version="1.0" encoding="UTF-8"?>
<!-- Generated by org.testng.reporters.JUnitReportReporter -->
<testsuite hostname="gopikr-5CG5092X5K" failures="0" tests="1" name="LocatorsDemo.DemoID" time="10.794" errors="0" timestamp="2025-07-25T12:27:35 IST" skipped="0">
  <testcase classname="LocatorsDemo.DemoID" name="DemoTestID" time="10.794"/>
</testsuite> <!-- LocatorsDemo.DemoID -->
