<?xml version="1.0" encoding="UTF-8"?>
<!-- Generated by org.testng.reporters.JUnitReportReporter -->
<testsuite hostname="gopikr-5CG5092X5K" failures="0" tests="1" name="LocatorsDemo.LinkTextandPartialLink" time="22.575" errors="0" timestamp="2025-07-25T14:56:44 IST" skipped="0">
  <testcase classname="LocatorsDemo.LinkTextandPartialLink" name="linkTest" time="22.575"/>
</testsuite> <!-- LocatorsDemo.LinkTextandPartialLink -->
