<?xml version="1.0" encoding="UTF-8"?>
<!-- Generated by org.testng.reporters.JUnitReportReporter -->
<testsuite hostname="gopikr-5CG5092X5K" failures="0" tests="1" name="test.popups" time="12.629" errors="0" timestamp="2025-07-25T17:16:21 IST" skipped="0">
  <testcase classname="test.popups" name="TestPopups" time="12.629"/>
</testsuite> <!-- test.popups -->
