<?xml version="1.0" encoding="UTF-8"?>
<!-- Generated by org.testng.reporters.JUnitReportReporter -->
<testsuite hostname="gopikr-5CG5092X5K" failures="0" tests="1" name="Alerts.AlertPopups" time="30.145" errors="0" timestamp="2025-07-25T16:46:01 IST" skipped="0">
  <testcase classname="Alerts.AlertPopups" name="TestPopups" time="30.145"/>
</testsuite> <!-- Alerts.AlertPopups -->
